Sender: LSF System <lsfadmin@nx360003>
Subject: Job 4576217: <python ModeloIntegradoInstanciasGrande.py> in cluster <brl> Done

Job <python ModeloIntegradoInstanciasGrande.py> was submitted from host <masternode> by user <mparedes> in cluster <brl>.
Job was executed on host(s) <20*nx360003>, in queue <normal>, as user <mparedes> in cluster <brl>.
</home/mparedes> was used as the home directory.
</home/mparedes/ModeloSequencial> was used as the working directory.
Started at Results reported on 
Your job looked like:

------------------------------------------------------------
# LSBATCH: User input
python ModeloIntegradoInstanciasGrande.py
------------------------------------------------------------

Successfully completed.

Resource usage summary:

    CPU time :                                   4.04 sec.
    Max Memory :                                 9 MB
    Average Memory :                             9.00 MB
    Total Requested Memory :                     -
    Delta Memory :                               -
    Max Swap :                                   -
    Max Processes :                              3
    Max Threads :                                4
    Run time :                                   3 sec.
    Turnaround time :                            1969 sec.

The output (if any) follows:

InstanciaModeloIntegrado_8.mat
iniciando o modelo
Nao eh necessario rodar de novo esta instancia
InstanciaModeloIntegrado_9.mat
iniciando o modelo
Nao eh necessario rodar de novo esta instancia
InstanciaModeloIntegrado_10.mat
iniciando o modelo
Nao eh necessario rodar de novo esta instancia
InstanciaModeloIntegrado_11.mat
iniciando o modelo
Nao eh necessario rodar de novo esta instancia
InstanciaModeloIntegrado_12.mat
iniciando o modelo
Nao eh necessario rodar de novo esta instancia


PS:

Read file <4576217.err> for stderr output of this job.

