Sender: LSF System <lsfadmin@nx360007>
Subject: Job 4576184: <python ModeloIntegradoInstanciasPequenas.py> in cluster <brl> Exited

Job <python ModeloIntegradoInstanciasPequenas.py> was submitted from host <masternode> by user <mparedes> in cluster <brl>.
Job was executed on host(s) <20*nx360007>, in queue <normal>, as user <mparedes> in cluster <brl>.
</home/mparedes> was used as the home directory.
</home/mparedes/ModeloSequencial> was used as the working directory.
Started at Results reported on 
Your job looked like:

------------------------------------------------------------
# LSBATCH: User input
python ModeloIntegradoInstanciasPequenas.py
------------------------------------------------------------

Exited with exit code 1.

Resource usage summary:

    CPU time :                                   132354.48 sec.
    Max Memory :                                 7052 MB
    Average Memory :                             4682.92 MB
    Total Requested Memory :                     -
    Delta Memory :                               -
    Max Swap :                                   -
    Max Processes :                              3
    Max Threads :                                23
    Run time :                                   13186 sec.
    Turnaround time :                            14907 sec.

The output (if any) follows:

InstanciaModeloIntegrado_2.mat
iniciando o modelo
Nao eh necessario rodar de novo esta instancia
InstanciaModeloIntegrado_3.mat
iniciando o modelo
parametros criados
variavel x criada
variavel b criada
variavel v criada
variavel y criada
variavel z criada
variavel q criada
variavel w criada
variaveis criadas
restricao P0 criada
restricao P1 criada
restricao P2 criada
restricao P3 criada
restricao P6 criada
restricao P7 criada
restricao P8 criada
restricao P9 criada
restricao 18 criada
restricao PA criada
restricao I1 criada
restricao I2 criada
restricao I3 criada
restricao I4 criada
restricao I5 criada
restricao I6 criada
restricao I7 criada
restricao I8 criada
restricao I9 criada
restricao N1 criada
restricao N2 criada
restricao N3 criada
restricao N4 criada
restricao I10 criada
restricoes criadas
Numero de Variaveis =  283190
Numero de Restricoes =  153322
resolvendo o modelo
CPXPARAM_TimeLimit                               432000
CPXPARAM_Read_DataCheck                          1
CPXPARAM_Threads                                 20
Tried aggregator 3 times.
MIP Presolve eliminated 87864 rows and 109927 columns.
MIP Presolve modified 127455 coefficients.
Aggregator did 242 substitutions.
Reduced MIP has 65216 rows, 173021 columns, and 1643493 nonzeros.
Reduced MIP has 173021 binaries, 0 generals, 0 SOSs, and 0 indicators.
Presolve time = 2.30 sec. (2406.73 ticks)
Probing time = 0.23 sec. (46.07 ticks)
Tried aggregator 2 times.
MIP Presolve eliminated 11 rows and 0 columns.
Aggregator did 19 substitutions.
Reduced MIP has 65186 rows, 173002 columns, and 1643371 nonzeros.
Reduced MIP has 173002 binaries, 0 generals, 0 SOSs, and 0 indicators.
Presolve time = 1.35 sec. (1177.18 ticks)
Probing time = 0.24 sec. (46.33 ticks)
Clique table members: 187367.
MIP emphasis: balance optimality and feasibility.
MIP search method: dynamic search.
Parallel mode: deterministic, using up to 20 threads.
Root relaxation solution time = 8.79 sec. (4978.81 ticks)

        Nodes                                         Cuts/
   Node  Left     Objective  IInf  Best Integer    Best Bound    ItCnt     Gap

      0     0        0.8333  6433                      0.8333        0         
*     0+    0                          663.0000        0.8333            99.87%
      0     0        0.8333  3094      663.0000      Cuts: 13    36553   99.87%
      0     0        0.8333  2264      663.0000      Cuts: 13    71481   99.87%
      0     0        0.8333  2460      663.0000      Cuts: 66   110989   99.87%
*     0+    0                          484.0000        0.8333            99.83%
*     0+    0                          353.0000        0.8333            99.76%
      0     0        0.9333  2556      353.0000     Cuts: 132   158229   99.74%
      0     0        1.1944  2425      353.0000     Cuts: 141   213624   99.66%
      0     0        1.8333  2084      353.0000      Cuts: 83   309742   99.48%
      0     0        1.8333  1975      353.0000      Cuts: 67   402414   99.48%
      0     0        1.8333  2123      353.0000      Cuts: 48   448222   99.48%
Heuristic still looking.
Heuristic still looking.
Heuristic still looking.
*     0+    0                           21.0000        1.8333            91.27%
*     0+    0                           20.0000        1.8333            90.83%
      0     2        1.8333  1694       20.0000        1.8333   487104   90.83%
Elapsed time = 3420.21 sec. (2398186.76 ticks, tree = 0.01 MB, solutions = 5)
      1     3        2.0000  2300       20.0000        1.8333   641976   90.83%
      2     4        2.0000  2157       20.0000        1.8333   696988   90.83%
      3     5        2.0000  2213       20.0000        1.8333   752648   90.83%
*     4+    1                           14.0000        1.8333            86.90%
*     4+    1                           13.0000        1.8333            85.90%
*     4+    1                           12.0000        1.8333            84.72%
      4     3        1.8333  2078       12.0000        1.8333   633934   84.72%
      5     6        2.0000  2176       12.0000        1.8333   804368   84.72%
      6     8        2.0000  2076       12.0000        1.8333   965301   84.72%
      7     4        2.0000  2267       12.0000        1.8333   704551   84.72%
      8     5        2.0000  2078       12.0000        1.8333   751377   84.72%
      9     7        1.8333  2006       12.0000        1.8333   963278   84.72%
     10     6        2.0000  1834       12.0000        1.8333   792787   84.72%
Elapsed time = 6036.17 sec. (3842751.23 ticks, tree = 0.01 MB, solutions = 16)
*    11+    6                           11.0000        1.8333            83.33%
*    11+    6                           10.0000        1.8333            81.67%
*    11+    6                            9.0000        1.8333            79.63%
     11     8        2.0000  1942        9.0000        1.8333   962794   79.63%
     12     9        2.0000  1759        9.0000        1.8333  1272800   79.63%
     13    10        2.0000  2402        9.0000        1.8333  1339083   79.63%
     14    11        2.0000  2126        9.0000        1.8333  1431523   79.63%
*    15+    5                            8.0000        1.8333            77.08%
     15     7        1.8333  1721        8.0000        1.8333   949682   77.08%
     16    16        2.0000  2340        8.0000        1.8333  1894881   77.08%
     18    20        2.0000  2275        8.0000        1.8333  2295905   77.08%
     19    21        2.0000  2257        8.0000        1.8333  2299173   77.08%
     20    22        2.0000  2243        8.0000        1.8333  2300753   77.08%
     21    23        2.0000  2173        8.0000        1.8333  2303688   77.08%
Elapsed time = 7315.92 sec. (4269913.02 ticks, tree = 0.06 MB, solutions = 22)
     23    25        2.0000  2144        8.0000        1.8333  2305907   77.08%
     24    26        2.0000  2143        8.0000        1.8333  2309614   77.08%
     27    24        1.8333  1842        8.0000        1.8333  2450375   77.08%
     29    25        1.8333  1801        8.0000        1.8333  2452667   77.08%
     32    30        2.0000  2020        8.0000        1.8333  2316224   77.08%
     33    27        1.8333  1738        8.0000        1.8333  2458852   77.08%
     36    32        2.0000  1942        8.0000        1.8333  2321902   77.08%
     38    33        2.0000  1931        8.0000        1.8333  2323531   77.08%
     39    34        2.0000  1941        8.0000        1.8333  2325619   77.08%
     41    19        2.0000  2194        8.0000        1.8333  2301613   77.08%
Elapsed time = 7375.38 sec. (4287957.86 ticks, tree = 0.06 MB, solutions = 22)
     42    29        1.8333  1647        8.0000        1.8333  2461044   77.08%
     44    31        1.8333  1648        8.0000        1.8333  2466339   77.08%
     47    38        2.0000  1867        8.0000        1.8333  2333814   77.08%
     49    39        2.0000  1848        8.0000        1.8333  2335970   77.08%
     50    40        2.0000  1859        8.0000        1.8333  2339464   77.08%
     51    32        1.8333  1615        8.0000        1.8333  2466887   77.08%
     52    41        2.0000  1752        8.0000        1.8333  2346335   77.08%
     53    42        2.0000  1713        8.0000        1.8333  2351933   77.08%
     54    43        2.0000  1721        8.0000        1.8333  2354791   77.08%
     56    45        2.0000  1666        8.0000        1.8333  2357307   77.08%
Elapsed time = 7465.27 sec. (4319766.91 ticks, tree = 0.06 MB, solutions = 22)
     57    46        2.0000  1692        8.0000        1.8333  2359612   77.08%
     58    47        2.0000  1669        8.0000        1.8333  2361773   77.08%
     59    48        2.0000  1685        8.0000        1.8333  2366269   77.08%
     61    34        1.8333  1217        8.0000        1.8333  2513150   77.08%
     62    21        2.0000  2151        8.0000        1.8333  2300795   77.08%
     64    26        2.0000  2178        8.0000        1.8333  2826146   77.08%
     65    49        2.0000  1739        8.0000        1.8333  2382512   77.08%
     66    27        2.0000  2069        8.0000        1.8333  2831033   77.08%
     68    29        2.0000  1987        8.0000        1.8333  2833921   77.08%
     71    31        2.0000  1918        8.0000        1.8333  2836664   77.08%
Elapsed time = 7534.35 sec. (4341495.23 ticks, tree = 0.81 MB, solutions = 22)
     73    33        2.0000  1861        8.0000        1.8333  2843950   77.08%
     75    20        2.0000  2307        8.0000        1.8333  2295135   77.08%
     76    28        2.0000  2224        8.0000        1.8333  2833143   77.08%
     77    29        2.0000  2139        8.0000        1.8333  2835352   77.08%
     78    30        2.0000  2113        8.0000        1.8333  2837537   77.08%
     79    31        2.0000  2067        8.0000        1.8333  2840384   77.08%
     80    32        2.0000  1954        8.0000        1.8333  2842844   77.08%
     81    33        2.0000  1933        8.0000        1.8333  2845540   77.08%
     82    35        2.0000  1841        8.0000        1.8333  2847182   77.08%
     83    36        2.3333  1853        8.0000        1.8333  2851680   77.08%
Elapsed time = 7572.61 sec. (4363550.93 ticks, tree = 0.81 MB, solutions = 22)
     85    26        1.8333  2068        8.0000        1.8333  2833514   77.08%
     87    27        1.8333  1897        8.0000        1.8333  2839723   77.08%
     90    28        1.8333  1843        8.0000        1.8333  2845137   77.08%
     93    30        1.8333  1748        8.0000        1.8333  2852197   77.08%
     94    31        1.8333  1708        8.0000        1.8333  2855764   77.08%
     96    38        2.0000  1245        8.0000        1.8333  2582604   77.08%
     97    38        2.0000  1528        8.0000        1.8333  2865901   77.08%
    100    51        2.0000  1678        8.0000        1.8333  2384056   77.08%
    102    52        2.0000  1714        8.0000        1.8333  2388425   77.08%
    105    28        2.0000  2036        8.0000        1.8333  2833320   77.08%
Elapsed time = 7618.27 sec. (4379961.00 ticks, tree = 0.82 MB, solutions = 22)
    107    29        2.0000  2040        8.0000        1.8333  2835065   77.08%
    108    37        2.0000  1761        8.0000        1.8333  2858225   77.08%
    112    45        2.0000  1255        8.0000        1.8333  2885882   77.08%
    116    46        2.0000  1220        8.0000        1.8333  2889389   77.08%
    121    30        2.0000  1498        8.0000        1.8333  3193307   77.08%
    123    32        1.8333  1691        8.0000        1.8333  2857600   77.08%
    128    53        2.0000  1736        8.0000        1.8333  2412346   77.08%
    132    33        2.0000  1174        8.0000        1.8333  3216465   77.08%
    134    35        2.0000  1198        8.0000        1.8333  3222995   77.08%
    138    54        2.0000  1668        8.0000        1.8333  2422428   77.08%
Elapsed time = 7672.42 sec. (4398566.54 ticks, tree = 0.82 MB, solutions = 22)
    140    38        1.8333  1418        8.0000        1.8333  2896309   77.08%
    142    55        2.0000  1724        8.0000        1.8333  2427595   77.08%
    143    39        1.8333  1474        8.0000        1.8333  2910579   77.08%
    144    36        2.0000  1793        8.0000        1.8333  2852607   77.08%
    146    49        2.0000  1314        8.0000        1.8333  2928670   77.08%
    149    40        2.0000  1756        8.0000        1.8333  2857537   77.08%
    151    41        2.0000  1540        8.0000        1.8333  2901515   77.08%
    155    45        2.0000  1510        8.0000        1.8333  2907533   77.08%
    158    42        2.0000  1713        8.0000        1.8333  2863962   77.08%
    162    41        1.8333  1364        8.0000        1.8333  2947077   77.08%
Elapsed time = 7715.71 sec. (4413215.30 ticks, tree = 0.82 MB, solutions = 22)
    166    51        2.0000  1353        8.0000        1.8333  2923414   77.08%
    167    45        2.0000  1616        8.0000        1.8333  2871243   77.08%
    168    52        2.0000  1264        8.0000        1.8333  2939066   77.08%
    171    43        1.8333  1350        8.0000        1.8333  2965708   77.08%
    172    46        2.0000  1577        8.0000        1.8333  2884157   77.08%
    174    48        2.0000  1570        8.0000        1.8333  2886901   77.08%
    177    45        1.8333  1337        8.0000        1.8333  2976555   77.08%
    178    50        2.0000  1622        8.0000        1.8333  2950520   77.08%
    179    39        2.0000  1230        8.0000        1.8333  2590389   77.08%
    184    51        2.0000  1486        8.0000        1.8333  2909215   77.08%
Elapsed time = 7791.83 sec. (4438756.50 ticks, tree = 0.82 MB, solutions = 22)
    187    53        2.0000  1102        8.0000        1.8333  2989169   77.08%
    190    10        2.0000  2193        8.0000        1.8333  1281013   77.08%
    197    54        2.0000  1303        8.0000        1.8333  2936841   77.08%
    199    42        2.0000  1307        8.0000        1.8333  2631812   77.08%
    204    58        2.0000  1721        8.0000        1.8333  2489541   77.08%
    211    31        2.0000  1708        8.0000        1.8333  3730887   77.08%
    219    40        2.0000  1742        8.0000        1.8333  3461296   77.08%
    234    45        2.0000  1269        8.0000        1.8333  2657722   77.08%
    238    57        2.0000  1310        8.0000        1.8333  3015833   77.08%
    241    58        2.0000  1261        8.0000        1.8333  3023213   77.08%
Elapsed time = 7920.01 sec. (4487539.96 ticks, tree = 0.82 MB, solutions = 23)
    245    61        2.0000  1279        8.0000        1.8333  3031653   77.08%
    254    51        2.0000  1520        8.0000        1.8333  3479976   77.08%
    258    53        2.0000  1332        8.0000        1.8333  3503064   77.08%
    265    67        2.0000  1131        8.0000        1.8333  3054165   77.08%
    271    56        2.0000  1164        8.0000        1.8333  3035784   77.08%
    274    68        2.0000  1148        8.0000        1.8333  3073639   77.08%
    278    58        2.0000  1304        8.0000        1.8333  3053920   77.08%
    282    34        2.0000  1837        8.0000        1.8333  4111165   77.08%
    295    59        2.0000  1308        8.0000        1.8333  3614267   77.08%
    305    60        2.0000  1233        8.0000        1.8333  3636087   77.08%
Elapsed time = 8065.44 sec. (4537116.64 ticks, tree = 0.82 MB, solutions = 25)
    312    33        2.0000  1362        8.0000        1.8333  4219314   77.08%
    315    63        2.0000  1217        8.0000        1.8333  3681333   77.08%
    321    36        2.0000  1178        8.0000        1.8333  4326466   77.08%
    324    38        2.0000  1121        8.0000        1.8333  4352765   77.08%
    331    64        2.0000  1221        8.0000        1.8333  3735624   77.08%
    337    64        2.0977  1323        8.0000        1.8333  3120870   77.08%
    344    48        2.0000  1151        8.0000        1.8333  4212278   77.08%
    349    52        2.0000  1434        8.0000        1.8333  2766632   77.08%
    350    13        2.0000  1306        8.0000        1.8333  1428301   77.08%
    352    53        2.0000  1329        8.0000        1.8333  2786828   77.08%
Elapsed time = 8208.53 sec. (4590146.99 ticks, tree = 0.82 MB, solutions = 28)
    356    56        2.0000  1402        8.0000        1.8333  2797451   77.08%
    357    68        2.2500  1521        8.0000        1.8333  3863426   77.08%
    358    64        2.0000  1570        8.0000        1.8333  2694096   77.08%
    363    65        2.5133  1260        8.0000        1.8333  3176229   77.08%
    366    37        2.0000  1621        8.0000        1.8333  4667553   77.08%
    369    38        2.0000  1484        8.0000        1.8333  4674637   77.08%
    374    42        2.0000  1331        8.0000        1.8333  4704489   77.08%
    378    43        2.0000  1340        8.0000        1.8333  4724695   77.08%
    381    39        2.0000   958        8.0000        1.8333  4587549   77.08%
    384   157        2.0447  1472        8.0000        1.8333  5798943   77.08%
Elapsed time = 8372.69 sec. (4649488.04 ticks, tree = 37.37 MB, solutions = 28)
    388   113        2.0000  1043        8.0000        1.8333  5466514   77.08%
    390   186        1.8333  1482        8.0000        1.8333  6271870   77.08%
    393    45        2.0000  1258        8.0000        1.8333  4770908   77.08%
    396    70        2.0000  1517        8.0000        1.8333  3928992   77.08%
    399    47        2.0000  1189        8.0000        1.8333  4784496   77.08%
    411    52        2.0000  1027        8.0000        1.8333  4467786   77.08%
    413   225        2.1209  1461        8.0000        1.8333  6617922   77.08%
    419    50        2.0000  1360        8.0000        1.8333  4808754   77.08%
    423    54        2.1026  1268        8.0000        1.8333  4002724   77.08%
    426   117        2.0000   911        8.0000        1.8333  5496138   77.08%
Elapsed time = 8489.11 sec. (4697384.49 ticks, tree = 47.22 MB, solutions = 29)
    430   226        2.1467  1337        8.0000        1.8333  6632446   77.08%
    437   231        2.0000  1540        8.0000        1.8333  7089102   77.08%
    444    75        2.0000  1263        8.0000        1.8333  4021275   77.08%
    454   235        2.0000  1421        8.0000        1.8333  7102090   77.08%
    460   121        2.0000   909        8.0000        1.8333  5524727   77.08%
    467    12        1.8333  2371        8.0000        1.8333  1486738   77.08%
    480   237        2.0000  1381        8.0000        1.8333  7130165   77.08%
    486    55        2.0000  1151        8.0000        1.8333  4369955   77.08%
    489   228        3.0000  1298        8.0000        1.8333  6660610   77.08%
    492   189        2.0000  1098        8.0000        1.8333  6346456   77.08%
Elapsed time = 8624.66 sec. (4744395.15 ticks, tree = 46.57 MB, solutions = 31)
*   494+   16                            6.0000        1.8333            69.44%
    495   281        3.5000   974        6.0000        1.8333  7838617   69.44%
    505   167        2.3077  1120        6.0000        1.8333  5928383   69.44%
    508   169        2.4167  1004        6.0000        1.8333  5936250   69.44%
    517   281        1.8333  2167        6.0000        1.8333  8128103   69.44%
    523   284        2.2500  1376        6.0000        1.8333  7862494   69.44%
    530   285        2.2500  1379        6.0000        1.8333  7870066   69.44%
    535    98        2.0000  1363        6.0000        1.8333  5224597   69.44%
    545   242        2.0000  1347        6.0000        1.8333  7204813   69.44%
    556   171        3.0000   971        6.0000        1.8333  5949983   69.44%
    564   289        2.2500  1312        6.0000        1.8333  7902345   69.44%
Elapsed time = 8747.88 sec. (4788538.12 ticks, tree = 47.06 MB, solutions = 32)
    571   199        2.0000   717        6.0000        1.8333  6431245   69.44%
    575   284        2.0000  1683        6.0000        1.8333  8394733   69.44%
    591   248        2.0000  1159        6.0000        1.8333  7237566   69.44%
    601   286        2.0000  1635        6.0000        1.8333  8397503   69.44%
    605   184        3.0833   698        6.0000        1.8333  6010751   69.44%
    610   235        3.0000   871        6.0000        1.8333  6772815   69.44%
    618   188        3.0833   766        6.0000        1.8333  6029657   69.44%
    629   313        2.2222  1180        6.0000        1.8333  8778181   69.44%
    637   297        2.3390  1396        6.0000        1.8333  7972344   69.44%
    644   253        2.0000  1321        6.0000        1.8333  7274907   69.44%
Elapsed time = 8891.10 sec. (4832978.52 ticks, tree = 45.70 MB, solutions = 34)
    650   133        2.0000   646        6.0000        1.8333  5655286   69.44%
    660    43        2.0000  1016        6.0000        1.8333  4716322   69.44%
    667    44        2.0000  1002        6.0000        1.8333  4716621   69.44%
    671    60        2.0221  1337        6.0000        1.8333  4444807   69.44%
    682   197        4.0000   392        6.0000        1.8333  6083410   69.44%
    688   198        4.2222   673        6.0000        1.8333  6091724   69.44%
    693   323        3.0000  1093        6.0000        1.8333  8833203   69.44%
    698   289        2.0000  1645        6.0000        1.8333  8448881   69.44%
    706   294        2.0000  1508        6.0000        1.8333  8456077   69.44%
*   709+  195                            5.0000        1.8333            63.33%
    710   299        1.8333  1309        5.0000        1.8333  8282973   63.33%
Elapsed time = 9024.23 sec. (4875222.11 ticks, tree = 59.14 MB, solutions = 35)
    712   295        2.0000  1396        5.0000        1.8333  8472448   63.33%
    714   301        3.5000   927        5.0000        1.8333  8048070   63.33%
    719   330        2.5000   626        5.0000        1.8333  8879101   63.33%
    728   286        1.8333  1361        5.0000        1.8333  8375435   63.33%
    738   300        2.2500  1221        5.0000        1.8333  8316121   63.33%
    751   301        1.8333  1304        5.0000        1.8333  8323867   63.33%
    758   142        2.0000   650        5.0000        1.8333  5732424   63.33%
    764    54        2.0272  1616        5.0000        1.8333  4950517   63.33%
    770   239        3.0014  1284        5.0000        1.8333  6876729   63.33%
    779   338        2.6875   890        5.0000        1.8333  8929518   63.33%
Elapsed time = 9153.41 sec. (4917424.88 ticks, tree = 59.14 MB, solutions = 35)
    794   251        2.5000  1155        5.0000        1.8333  7562501   63.33%
    804   253        2.1053  1260        5.0000        1.8333  7570232   63.33%
    816   328        2.0000  1277        5.0000        1.8333  9160512   63.33%
    834   306        2.0000   842        5.0000        1.8333  8375879   63.33%
    850   357        3.5000   560        5.0000        1.8333  8977462   63.33%
    861   307        2.0789  1133        5.0000        1.8333  8390384   63.33%
    872   469        2.0000  1060        5.0000        1.8333 11340880   63.33%
    884   541        4.0000   320        5.0000        1.8333 11999669   63.33%
    898   259        2.2842  1173        5.0000        1.8333  7624828   63.33%
    921   613    infeasible              5.0000        1.8333 12869092   63.33%
Elapsed time = 9256.93 sec. (4960453.36 ticks, tree = 98.63 MB, solutions = 37)
    927   468        2.0000  1777        5.0000        1.8333 11459144   63.33%
    935   575        2.0000   727        5.0000        1.8333 12316452   63.33%
    945   559        1.8333  1286        5.0000        1.8333 12038513   63.33%
    956   310        2.0443  1711        5.0000        1.8333  8580517   63.33%
    962   701        2.4167  1164        5.0000        1.8333 13688748   63.33%
    977   617        3.2525  1224        5.0000        1.8333 12914770   63.33%
    986   618        3.1667  1084        5.0000        1.8333 12919081   63.33%
    997   620        3.3462  1066        5.0000        1.8333 12933256   63.33%
   1003   623        4.0000  1002        5.0000        1.8333 12943192   63.33%
   1016   625        4.0000   970        5.0000        1.8333 12953098   63.33%
Elapsed time = 9399.70 sec. (5002899.23 ticks, tree = 117.31 MB, solutions = 37)
   1027   632        4.0000   639        5.0000        1.8333 12962623   63.33%
   1041   708        2.7500   957        5.0000        1.8333 13714902   63.33%
   1048   633        1.8333  1634        5.0000        1.8333 12968207   63.33%
   1062   635        1.8333  1517        5.0000        1.8333 12973726   63.33%
   1074   762        3.0000  1000        5.0000        1.8333 14507743   63.33%
   1088   441        2.0076  1552        5.0000        1.8333 10643677   63.33%
   1096   718    infeasible              5.0000        1.8333 13760605   63.33%
   1112   767        2.9020  1155        5.0000        1.8333 14599388   63.33%
   1129   720        3.5000   826        5.0000        1.8333 13779535   63.33%
   1140   723        3.5000   767        5.0000        1.8333 13788501   63.33%
Elapsed time = 9531.32 sec. (5044929.32 ticks, tree = 123.51 MB, solutions = 37)
   1156   858        2.0000   633        5.0000        1.8333 15571909   63.33%
   1166   443        2.0076  1469        5.0000        1.8333 10685446   63.33%
   1183   572        2.0000  1163        5.0000        1.8333 12176240   63.33%
   1202   584        2.0000   992        5.0000        1.8333 12478083   63.33%
   1207   787        3.0833   605        5.0000        1.8333 14659238   63.33%
   1213   489        2.0455  1545        5.0000        1.8333 11886817   63.33%
   1229   480        2.0000  1470        5.0000        1.8333 11552650   63.33%
   1240   474        2.0000  1255        5.0000        1.8333 11431266   63.33%
   1245   586        2.0000  1275        5.0000        1.8333 12509236   63.33%
   1253   792        4.0000   336        5.0000        1.8333 14706469   63.33%
Elapsed time = 9671.63 sec. (5086538.75 ticks, tree = 138.67 MB, solutions = 37)
   1258   677        3.2273   808        5.0000        1.8333 13484296   63.33%
   1264   791    infeasible              5.0000        1.8333 14723368   63.33%
   1272   902        2.0479  1505        5.0000        1.8333 16242532   63.33%
   1279   806        2.0000   587        5.0000        1.8333 14993171   63.33%
   1290   875        2.5000   988        5.0000        1.8333 15799686   63.33%
   1296   910        3.0000   996        5.0000        1.8333 16331254   63.33%
   1306   913        2.0000  1230        5.0000        1.8333 16339922   63.33%
   1316   875        3.0667   428        5.0000        1.8333 15661515   63.33%
   1322  1049        2.0000  1148        5.0000        1.8333 17380653   63.33%
   1329   808        2.0000   612        5.0000        1.8333 15022987   63.33%
Elapsed time = 9802.38 sec. (5131877.47 ticks, tree = 165.24 MB, solutions = 37)
   1332   879        3.3333   426        5.0000        1.8333 15687210   63.33%
   1335   881        3.7619   443        5.0000        1.8333 15697535   63.33%
   1353  1036        4.0000   570        5.0000        1.8333 17217459   63.33%
   1375  1052        4.0000   253        5.0000        1.8333 17225604   63.33%
   1384   894        2.1667  1618        5.0000        1.8333 16146215   63.33%
   1388  1054        4.0000   429        5.0000        1.8333 17247611   63.33%
   1400  1056        1.8333  1701        5.0000        1.8333 17256681   63.33%
   1407  1057        1.8333  1616        5.0000        1.8333 17264271   63.33%
   1415   913        2.2500  1123        5.0000        1.8333 16359621   63.33%
   1423  1061        1.8333  1572        5.0000        1.8333 17279236   63.33%
Elapsed time = 9932.28 sec. (5174691.99 ticks, tree = 173.02 MB, solutions = 37)
   1428   880        2.2779  1653        5.0000        1.8333 15898799   63.33%
   1434   891        3.0000  1063        5.0000        1.8333 15757349   63.33%
   1441   949        2.0241  1530        5.0000        1.8333 16547058   63.33%
   1454  1054        2.0000  1146        5.0000        1.8333 17384039   63.33%
   1468  1059        2.0000  1082        5.0000        1.8333 17393277   63.33%
   1486  1190        3.2281  1212        5.0000        1.8333 18871415   63.33%
   1494  1066        1.8333  1546        5.0000        1.8333 17330058   63.33%
   1500  1068        1.8333  1524        5.0000        1.8333 17338527   63.33%
   1509  1011        1.8333  1398        5.0000        1.8333 17036057   63.33%
   1513   887        3.2667  1132        5.0000        1.8333 15968487   63.33%
Elapsed time = 10042.78 sec. (5217734.41 ticks, tree = 179.52 MB, solutions = 37)
   1523  1012        1.8333  1431        5.0000        1.8333 17049912   63.33%
   1527   919        2.0000  1414        5.0000        1.8333 16406354   63.33%
   1533   959        2.2357  1487        5.0000        1.8333 16624221   63.33%
   1537  1070        3.0000  1277        5.0000        1.8333 17381774   63.33%
   1541  1072        2.0000  1462        5.0000        1.8333 17390987   63.33%
   1548  1074        3.2500   836        5.0000        1.8333 17609811   63.33%
   1554  1013        2.0000  1293        5.0000        1.8333 17094486   63.33%
   1559   920        2.1667  1401        5.0000        1.8333 16437196   63.33%
   1566  1073        2.0000  1301        5.0000        1.8333 17414946   63.33%
   1575  1363        2.0000   698        5.0000        1.8333 20685772   63.33%
Elapsed time = 10108.50 sec. (5261962.48 ticks, tree = 226.98 MB, solutions = 37)
   1579  1429        2.0130  1696        5.0000        1.8333 21126587   63.33%
   1586  1326        2.0000  1358        5.0000        1.8333 20300338   63.33%
   1592  1369    infeasible              5.0000        1.8333 20785122   63.33%
   1606  1381        4.0000   731        5.0000        1.8333 20793996   63.33%
   1613  1246        2.8526  1381        5.0000        1.8333 19328554   63.33%
   1622  1443        2.4219  1061        5.0000        1.8333 21264109   63.33%
   1626  1361        2.6667   779        5.0000        1.8333 20641196   63.33%
   1629  1445        2.5625   806        5.0000        1.8333 21278591   63.33%
   1632  1178        2.4416  1325        5.0000        1.8333 18716408   63.33%
   1646  1446        2.8571   973        5.0000        1.8333 21294354   63.33%
Elapsed time = 10234.09 sec. (5309927.52 ticks, tree = 244.80 MB, solutions = 37)
   1654  1375        2.1389  1193        5.0000        1.8333 20859311   63.33%
   1663  1368        2.6667  1045        5.0000        1.8333 20689887   63.33%
   1669  1472        2.0000  1236        5.0000        1.8333 21570986   63.33%
   1680  1477        2.0000   973        5.0000        1.8333 21620769   63.33%
   1687  1234        2.0000  1141        5.0000        1.8333 19099300   63.33%
   1694  1478        2.0000  1000        5.0000        1.8333 21634930   63.33%
   1702  1460        2.8750   677        5.0000        1.8333 21354900   63.33%
   1718  1463        3.0000   387        5.0000        1.8333 21365118   63.33%
   1737  1475        2.0000  1260        5.0000        1.8333 21615965   63.33%
   1751  1398        3.0000   709        5.0000        1.8333 20934083   63.33%
Elapsed time = 10332.66 sec. (5350801.89 ticks, tree = 244.80 MB, solutions = 37)
   1768  1376        3.0000   748        5.0000        1.8333 20746418   63.33%
   1786  1479        2.0000   765        5.0000        1.8333 21673698   63.33%
   1798  1404        3.6667   871        5.0000        1.8333 20957116   63.33%
   1808  1407        4.0000   533        5.0000        1.8333 20965526   63.33%
   1819  1493        3.0000    95        5.0000        1.8333 21428825   63.33%
*  1828  1496      integral     0        4.0000        1.8333 21434804   54.17%
   1831  1421        2.0000   940        4.0000        1.8333 21070777   54.17%
   1841  1316        3.0218  1506        4.0000        1.8333 20162473   54.17%
   1857  1395        2.0000  1275        4.0000        1.8333 20956021   54.17%
   1865  1487        1.8333  1407        4.0000        1.8333 21799683   54.17%
   1875  1385        3.3333   763        4.0000        1.8333 20814980   54.17%
Elapsed time = 10432.92 sec. (5390658.10 ticks, tree = 228.15 MB, solutions = 38)
   1886  1335        2.0000  1391        4.0000        1.8333 20512754   54.17%
   1890  1332        2.8254  1199        4.0000        1.8333 22042214   54.17%
   1901  1389        3.3519   692        4.0000        1.8333 20844938   54.17%
   1910  1441        2.1284  1318        4.0000        1.8333 21286097   54.17%
   1922  1331    infeasible              4.0000        1.8333 22064931   54.17%
   1933  1334        1.8333  2014        4.0000        1.8333 22058867   54.17%
   1942  1336        2.2500  1211        4.0000        1.8333 22113023   54.17%
   1957  1381        2.2600  1256        4.0000        1.8333 22709962   54.17%
   1972  1341        1.8333  1562        4.0000        1.8333 22079235   54.17%
   1991  1337        2.0997  1324        4.0000        1.8333 22135887   54.17%
Elapsed time = 10540.75 sec. (5432975.03 ticks, tree = 244.98 MB, solutions = 38)
   2002  1334        1.8333  1383        4.0000        1.8333 22114775   54.17%
   2011  1429        1.8333  1292        4.0000        1.8333 23300513   54.17%
   2022  1428        2.7099  1629        4.0000        1.8333 23407922   54.17%
   2031  1495        2.0000  1384        4.0000        1.8333 21911423   54.17%
   2041  1497        1.8333  1285        4.0000        1.8333 21917977   54.17%
   2049  1248        3.3060  1450        4.0000        1.8333 19372631   54.17%
   2065  1339        1.8333  1307        4.0000        1.8333 22160376   54.17%
   2074  1340        1.8333  1296        4.0000        1.8333 22160907   54.17%
   2083  1355        2.2500   969        4.0000        1.8333 22400266   54.17%
   2096  1335        2.0000  1316        4.0000        1.8333 22164614   54.17%
Elapsed time = 10695.70 sec. (5475182.60 ticks, tree = 251.80 MB, solutions = 38)
   2107  1501        2.1111  1438        4.0000        1.8333 21912921   54.17%
   2118  1442        1.8540  1027        4.0000        1.8333 23712464   54.17%
   2133  1449        1.8333  1456        4.0000        1.8333 23873196   54.17%
   2143  1347        2.3325  1343        4.0000        1.8333 22243291   54.17%
   2151  1504        2.0000  1187        4.0000        1.8333 21983111   54.17%
   2163  1452        3.0000  1088        4.0000        1.8333 24069423   54.17%
   2175  1505        2.0000  1045        4.0000        1.8333 22000527   54.17%
   2185  1451        2.0407  1365        4.0000        1.8333 23760408   54.17%
   2197  1351        2.4507  1123        4.0000        1.8333 22282987   54.17%
   2208  1410        1.8333  1198        4.0000        1.8333 22900882   54.17%
Elapsed time = 10837.71 sec. (5515818.65 ticks, tree = 252.05 MB, solutions = 38)
   2222  1488        2.1667  1251        4.0000        1.8333 24536170   54.17%
   2232  1491        2.3333  1284        4.0000        1.8333 24545538   54.17%
   2243  1454        2.1427  1356        4.0000        1.8333 23801363   54.17%
   2252  1461        2.0000  1047        4.0000        1.8333 23562755   54.17%
   2263  1360        3.0000   872        4.0000        1.8333 22523480   54.17%
   2276  1454        2.2479  1234        4.0000        1.8333 23825042   54.17%
   2284  1509        2.0000  1167        4.0000        1.8333 24841693   54.17%
   2298  1354    infeasible              4.0000        1.8333 22362381   54.17%
   2311  1456        2.2667  1303        4.0000        1.8333 23848959   54.17%
   2326  1475        2.3537  1450        4.0000        1.8333 24355888   54.17%
Elapsed time = 10971.03 sec. (5557565.45 ticks, tree = 259.08 MB, solutions = 38)
   2335  1476        2.0000  1238        4.0000        1.8333 24363192   54.17%
   2344  1505        2.9333   882        4.0000        1.8333 24631382   54.17%
   2359  1516        2.0000   519        4.0000        1.8333 24886190   54.17%
   2385  1416        2.0000  1243        4.0000        1.8333 22999958   54.17%
   2403  1442        2.6390  1038        4.0000        1.8333 23291669   54.17%
   2420  1469        2.0000   837        4.0000        1.8333 24194646   54.17%
   2436  1466        3.0000   798        4.0000        1.8333 23918204   54.17%
   2448  1469        2.7333   849        4.0000        1.8333 23928755   54.17%
   2465  1473        2.9167   656        4.0000        1.8333 23939140   54.17%
   2478  1460        2.0000  1176        4.0000        1.8333 24022219   54.17%
Elapsed time = 11105.61 sec. (5598927.43 ticks, tree = 292.45 MB, solutions = 38)
   2488  1526        2.0889   778        4.0000        1.8333 24944965   54.17%
   2499  1474        2.0000   623        4.0000        1.8333 24241648   54.17%
   2514  1513        2.0000  1356        4.0000        1.8333 24713247   54.17%
   2526  1477        2.5000  1000        4.0000        1.8333 23972574   54.17%
   2538  1753        3.0000   872        4.0000        1.8333 27665322   54.17%
   2549  1760        3.0000   922        4.0000        1.8333 27674507   54.17%
   2571  1530        2.6667   652        4.0000        1.8333 24991509   54.17%
   2575  1645        1.8333  1313        4.0000        1.8333 26694533   54.17%
   2583  1772        3.0000   931        4.0000        1.8333 27699581   54.17%
   2596  1779        3.0000   884        4.0000        1.8333 27708713   54.17%
Elapsed time = 11244.10 sec. (5642081.38 ticks, tree = 308.85 MB, solutions = 38)
   2611  1484        2.2639  1340        4.0000        1.8333 24507381   54.17%
   2624  1795        3.0000   690        4.0000        1.8333 27725796   54.17%
   2637  1533        2.5000   497        4.0000        1.8333 25037138   54.17%
   2654  1529        2.0000   968        4.0000        1.8333 24805232   54.17%
   2670  1546    infeasible              4.0000        1.8333 25479836   54.17%
   2681  1706        2.0949  1327        4.0000        1.8333 27178115   54.17%
   2695  1813        2.0000  1072        4.0000        1.8333 28381050   54.17%
   2708  1542        2.4000   667        4.0000        1.8333 25079353   54.17%
   2722  1576        2.3333  1318        4.0000        1.8333 25757160   54.17%
   2745  1807        2.0000  1319        4.0000        1.8333 28304971   54.17%
Elapsed time = 11368.80 sec. (5681789.08 ticks, tree = 323.14 MB, solutions = 38)
   2760  1579        2.5000   753        4.0000        1.8333 25774347   54.17%
   2777  1545        2.5500   740        4.0000        1.8333 25113985   54.17%
   2805  1545        2.6000   615        4.0000        1.8333 25126027   54.17%
   2829  1548        2.7500   615        4.0000        1.8333 25135665   54.17%
   2848  1608        2.0227  1189        4.0000        1.8333 26143496   54.17%
   2859  1835        1.8333  1148        4.0000        1.8333 28726571   54.17%
   2878  1611        2.0682  1138        4.0000        1.8333 26160211   54.17%
   2897  1864        2.5000   752        4.0000        1.8333 28955548   54.17%
   2917  1828        2.0000   781        4.0000        1.8333 27862947   54.17%
   2934  1566        2.2125   946        4.0000        1.8333 25595541   54.17%
Elapsed time = 11507.70 sec. (5721602.25 ticks, tree = 342.69 MB, solutions = 38)
   2947  1844        3.0000  1086        4.0000        1.8333 28765978   54.17%
   2969  1572        3.0000   845        4.0000        1.8333 25615986   54.17%
   2985  1978        2.0000  1342        4.0000        1.8333 29806292   54.17%
   3012  1801        3.0000   339        4.0000        1.8333 28123072   54.17%
*  3045  1788      integral     0        3.0000        1.8333 28129591   38.89%
   3048  1719        2.5000  1248        3.0000        1.8333 27321519   38.89%
   3071  1823        2.0000  1190        3.0000        1.8333 28490356   38.89%
   3089  1600        2.0000   849        3.0000        1.8333 25900392   38.89%
   3134  1584        3.0000   625        3.0000        1.8333 25671400   38.89%
   3180  1861        3.0000   818        3.0000        1.8333 28780294   38.89%
   3202  1131        1.8540  1388        3.0000        1.8333 29959721   38.89%
Elapsed time = 11650.72 sec. (5761813.80 ticks, tree = 150.00 MB, solutions = 39)
   3232  1821        2.0800  1832        3.0000        1.8333 28452405   38.89%
   3250  1759        1.8333  1390        3.0000        1.8333 27243230   38.89%
   3277  1663        2.6250  1005        3.0000        1.8333 26923923   38.89%
   3309  1855    infeasible              3.0000        1.8333 27972809   38.89%
   3330  1157        2.0000   794        3.0000        1.8333 31197060   38.89%
   3341  1136        2.0000  1201        3.0000        1.8333 30599765   38.89%
   3370  1893        3.0000   800        3.0000        1.8333 28843797   38.89%
   3397  1742        2.0000  1215        3.0000        1.8333 27427561   38.89%
   3413  1729        2.9479   986        3.0000        1.8333 27619577   38.89%
   3444  1153        2.0000   907        3.0000        1.8333 30039519   38.89%
Elapsed time = 11770.72 sec. (5801307.94 ticks, tree = 174.54 MB, solutions = 39)
   3468  1151        2.0000  1303        3.0000        1.8333 30962727   38.89%
   3502  1251    infeasible              3.0000        1.8333 32411460   38.89%
   3521  1255        2.0000  1299        3.0000        1.8333 32420343   38.89%
   3545  1259        2.0000  1243        3.0000        1.8333 32424410   38.89%
   3583  1163    infeasible              3.0000        1.8333 30991200   38.89%
   3623  1264        2.0000  1199        3.0000        1.8333 32429536   38.89%
   3658  1167        2.0000  1183        3.0000        1.8333 30088475   38.89%
   3689  1280        2.0000  1014        3.0000        1.8333 33096288   38.89%
   3725  1173        2.0000  1084        3.0000        1.8333 30103062   38.89%
   3761  1288        2.0000  1003        3.0000        1.8333 33441774   38.89%
Elapsed time = 11898.40 sec. (5840616.16 ticks, tree = 182.72 MB, solutions = 39)
   3787  1226    infeasible              3.0000        1.8333 31598529   38.89%
   3809  1324        2.0000   826        3.0000        1.8333 34005248   38.89%
   3830  1291    infeasible              3.0000        1.8333 33465722   38.89%
   3855  1226        1.8333  1407        3.0000        1.8333 31607380   38.89%
   3880  1169    infeasible              3.0000        1.8333 31055248   38.89%
   3919  1274        2.0000  1352        3.0000        1.8333 32508773   38.89%
   3960  1206        1.8333  1444        3.0000        1.8333 31378588   38.89%
   3984  1949        2.6667   746        3.0000        1.8333 29521884   38.89%
   4008  1296        2.0000  1126        3.0000        1.8333 33188036   38.89%
   4040  1278        1.8333  1254        3.0000        1.8333 32467722   38.89%
Elapsed time = 12032.85 sec. (5880035.73 ticks, tree = 193.31 MB, solutions = 39)
   4083  1283        2.0000  1162        3.0000        1.8333 32479176   38.89%
   4120  1215        2.0000  1090        3.0000        1.8333 31417743   38.89%
   4177  1378        2.0000  1470        3.0000        1.8333 35138520   38.89%
   4237  1198        2.0000  1146        3.0000        1.8333 31118763   38.89%
   4276  1246        2.0000  1252        3.0000        1.8333 32035811   38.89%
   4311  1201        2.0000  1040        3.0000        1.8333 31135391   38.89%
   4345  1201        2.0000  1021        3.0000        1.8333 30235374   38.89%
   4390  1280        2.0000  1376        3.0000        1.8333 32520190   38.89%
   4438  1304        2.0000  1194        3.0000        1.8333 33587325   38.89%
   4472  1262        2.0000  1478        3.0000        1.8333 32071753   38.89%
Elapsed time = 12160.66 sec. (5919414.81 ticks, tree = 212.15 MB, solutions = 39)
   4502  1310    infeasible              3.0000        1.8333 33873686   38.89%
   4551  1308        2.0000  1322        3.0000        1.8333 32952443   38.89%
   4589  1473        2.0000  1151        3.0000        1.8333 35621077   38.89%
   4654  1264        1.8333  1422        3.0000        1.8333 32103408   38.89%
   4705  1473        2.0000  1238        3.0000        1.8333 35646678   38.89%
   4761  1407        2.0000   527        3.0000        1.8333 34728454   38.89%
   4800  1562        2.0000  1543        3.0000        1.8333 35969296   38.89%
   4870  1321        2.0000  1277        3.0000        1.8333 33306249   38.89%
   4912  1312    infeasible              3.0000        1.8333 33936602   38.89%
   4957  1843        2.0000  1065        3.0000        1.8333 37461026   38.89%
Elapsed time = 12272.40 sec. (5957985.72 ticks, tree = 296.97 MB, solutions = 39)
   5006  1404        2.0000  1121        3.0000        1.8333 35055309   38.89%
   5041  1475        1.8540  1406        3.0000        1.8333 35704292   38.89%
   5067  1785        2.0000  1396        3.0000        1.8333 36887992   38.89%
   5106  1647        2.0000  1186        3.0000        1.8333 36303713   38.89%
   5151  1650        2.0000  1208        3.0000        1.8333 36312386   38.89%
   5187  1425    infeasible              3.0000        1.8333 34808979   38.89%
   5216  1423    infeasible              3.0000        1.8333 34817793   38.89%
   5266  2163        2.0000  1151        3.0000        1.8333 38528136   38.89%
   5298  2179        2.0000  1263        3.0000        1.8333 38846491   38.89%
   5342  1678        2.0000  1172        3.0000        1.8333 36357259   38.89%
Elapsed time = 12395.53 sec. (5997396.96 ticks, tree = 348.99 MB, solutions = 39)
   5376  2082        2.0000  1150        3.0000        1.8333 38255782   38.89%
   5409  1690        2.0000  1260        3.0000        1.8333 36373790   38.89%
   5434  1418    infeasible              3.0000        1.8333 35157145   38.89%
   5463  1406        2.0000  1399        3.0000        1.8333 35385309   38.89%
   5514  2100        2.0000  1420        3.0000        1.8333 38286498   38.89%
   5546  1429        1.8333  1536        3.0000        1.8333 35515597   38.89%
   5566  1497        2.0000  1411        3.0000        1.8333 35833739   38.89%
   5596  2103        2.0000  1563        3.0000        1.8333 38298224   38.89%
   5613  1447        2.0000  1210        3.0000        1.8333 35543809   38.89%
   5638  1818    infeasible              3.0000        1.8333 36962856   38.89%
Elapsed time = 12501.20 sec. (6036824.63 ticks, tree = 413.88 MB, solutions = 39)
   5670  1505        2.0000  1362        3.0000        1.8333 35865561   38.89%
   5695  1713        2.0000   681        3.0000        1.8333 36461635   38.89%
   5725  1510    infeasible              3.0000        1.8333 35845037   38.89%
   5736  1854        2.0000  1231        3.0000        1.8333 37586252   38.89%
   5771  2111        2.0000  1252        3.0000        1.8333 38355679   38.89%
   5793  2035    infeasible              3.0000        1.8333 38107602   38.89%
   5806  2128        2.0000  1179        3.0000        1.8333 38375829   38.89%
   5829  2138        2.0000  1332        3.0000        1.8333 38384932   38.89%
   5851  1733        2.0000  1300        3.0000        1.8333 36530511   38.89%
   5864  1940        1.8333  1478        3.0000        1.8333 37862987   38.89%
Elapsed time = 12596.08 sec. (6078274.40 ticks, tree = 451.82 MB, solutions = 39)
   5871  2041        2.0000  1167        3.0000        1.8333 38139501   38.89%
   5880  2148        2.0000  1315        3.0000        1.8333 38419231   38.89%
   5901  2160        2.0000  1323        3.0000        1.8333 38428677   38.89%
   5908  2159    infeasible              3.0000        1.8333 38438764   38.89%
   5912  2698        1.8333  1246        3.0000        1.8333 41212191   38.89%
   5915  2537        2.0000  1257        3.0000        1.8333 40311805   38.89%
   5917  2349        2.0000   967        3.0000        1.8333 39666041   38.89%
   5921  2699        1.8333  1240        3.0000        1.8333 41212986   38.89%
   5923  2350        2.0000   959        3.0000        1.8333 39666162   38.89%
   5927  2753        2.0000   986        3.0000        1.8333 41504126   38.89%
Elapsed time = 12656.01 sec. (6133219.87 ticks, tree = 679.46 MB, solutions = 39)
   5929  2698        2.0000  1482        3.0000        1.8333 41209635   38.89%
   5930  2580        2.0000  1330        3.0000        1.8333 40604542   38.89%
   5931  2351        2.0000   966        3.0000        1.8333 39666887   38.89%
   5934  2754        2.0000   978        3.0000        1.8333 41504127   38.89%
   5936  2699        2.0000  1435        3.0000        1.8333 41209716   38.89%
   5939  2651        1.8333  1705        3.0000        1.8333 40898020   38.89%
   5942  2651        1.8333  1313        3.0000        1.8333 40906620   38.89%
   5944  2582        2.0000  1323        3.0000        1.8333 40604578   38.89%
   5945  2700        1.8333  1258        3.0000        1.8333 41215971   38.89%
   5948  2652        1.8333  1343        3.0000        1.8333 40907028   38.89%
Elapsed time = 12656.01 sec. (6196260.39 ticks, tree = 679.46 MB, solutions = 39)
   5950  2757        2.0000   931        3.0000        1.8333 41505328   38.89%
   5951  2701        1.8333  1241        3.0000        1.8333 41216036   38.89%
   5952  2817        1.8375  1733        3.0000        1.8333 41822263   38.89%
   5953  3326        2.0000  1094        3.0000        2.0000 43988759   33.33%
   5954  3327        2.0000  2365        3.0000        2.0000 44052065   33.33%
   5955  3328        2.0000  2013        3.0000        2.0000 44103069   33.33%
   5956  3329        2.0000  1706        3.0000        2.0000 44118948   33.33%
   5957  3330        2.0000  1365        3.0000        2.0000 44126558   33.33%
   5959  3330        2.0000  1243        3.0000        2.0000 44173379   33.33%
   5963  2220        cutoff              3.0000        2.0000 44222440   33.33%
Elapsed time = 13022.20 sec. (6514549.95 ticks, tree = 485.99 MB, solutions = 39)
   5969  1978        2.0000   612        3.0000        2.0000 44345598   33.33%
   6021    50        2.0000   206        3.0000        2.0000 44371242   33.33%
   6157    45    infeasible              3.0000        2.0000 44381685   33.33%
   6438   119    infeasible              3.0000        2.0000 44633543   33.33%
   6796    66    infeasible              3.0000        2.0000 44536280   33.33%
   7143   223        2.0000   146        3.0000        2.0000 45030226   33.33%
   7496   285        2.0000   128        3.0000        2.0000 45474604   33.33%
   7979   318    infeasible              3.0000        2.0000 45728790   33.33%
   8401   336        2.0000   134        3.0000        2.0000 45883539   33.33%
   8724   349    infeasible              3.0000        2.0000 46203946   33.33%
Elapsed time = 13107.59 sec. (6552849.33 ticks, tree = 14.61 MB, solutions = 39)
   9223   384    infeasible              3.0000        2.0000 46694232   33.33%
   9731   404        2.0000   254        3.0000        2.0000 47971132   33.33%
   9959   403    infeasible              3.0000        2.0000 48439844   33.33%
  10136   373        2.0000   187        3.0000        2.0000 48685501   33.33%
  10309   362        2.0000   329        3.0000        2.0000 49121810   33.33%
* 10489+  331                            2.0000        2.0000             0.00%
  10523   320    infeasible              2.0000        2.0000 49714807    0.00%
  10635   317    infeasible              2.0000        2.0000 49869829    0.00%

Clique cuts applied:  86
Cover cuts applied:  22
Implied bound cuts applied:  3
Zero-half cuts applied:  92
Gomory fractional cuts applied:  1

Root node processing (before b&c):
  Real time             = 3413.02 sec. (2393045.65 ticks)
Parallel b&c, 20 threads:
  Real time             = 9767.87 sec. (4188142.92 ticks)
  Sync time (average)   = 3873.83 sec.
  Wait time (average)   =    0.55 sec.
                          ------------
Total (root+branch&cut) = 13180.89 sec. (6581188.57 ticks)

Duracao =  13180.8968949


PS:

Read file <4576184.err> for stderr output of this job.

